# JRE version: OpenJDK Runtime Environment (8.0_112-b06) (build 1.8.0_112-release-b06)
# Java VM: OpenJDK 64-Bit Server VM (25.112-b06 mixed mode windows-amd64 compressed oops)
Heap:
 PSYoungGen      total 317440K, used 58587K [0x00000000e0000000, 0x00000000f6300000, 0x0000000100000000)
  eden space 288768K, 17% used [0x00000000e0000000,0x00000000e323d840,0x00000000f1a00000)
  from space 28672K, 24% used [0x00000000f1a00000,0x00000000f20f9538,0x00000000f3600000)
  to   space 28160K, 0% used [0x00000000f4780000,0x00000000f4780000,0x00000000f6300000)
 ParOldGen       total 104960K, used 44061K [0x00000000a0000000, 0x00000000a6680000, 0x00000000e0000000)
  object space 104960K, 41% used [0x00000000a0000000,0x00000000a2b074d0,0x00000000a6680000)
 Metaspace       used 74969K, capacity 80746K, committed 82584K, reserved 1122304K
  class space    used 9412K, capacity 10098K, committed 10664K, reserved 1048576K
GC Heap History (10 events):
Event: 17672.362 GC heap before
{Heap before GC invocations=59 (full 4):
 PSYoungGen      total 278528K, used 257253K [0x00000000e0000000, 0x00000000f2e00000, 0x0000000100000000)
  eden space 247808K, 100% used [0x00000000e0000000,0x00000000ef200000,0x00000000ef200000)
  from space 30720K, 30% used [0x00000000f1000000,0x00000000f1939508,0x00000000f2e00000)
  to   space 30720K, 0% used [0x00000000ef200000,0x00000000ef200000,0x00000000f1000000)
 ParOldGen       total 104960K, used 44037K [0x00000000a0000000, 0x00000000a6680000, 0x00000000e0000000)
  object space 104960K, 41% used [0x00000000a0000000,0x00000000a2b014d0,0x00000000a6680000)
 Metaspace       used 74517K, capacity 80064K, committed 82328K, reserved 1120256K
  class space    used 9368K, capacity 10045K, committed 10664K, reserved 1048576K
Event: 17672.421 GC heap after
Heap after GC invocations=59 (full 4):
 PSYoungGen      total 278528K, used 6636K [0x00000000e0000000, 0x00000000f4480000, 0x0000000100000000)
  eden space 247808K, 0% used [0x00000000e0000000,0x00000000e0000000,0x00000000ef200000)
  from space 30720K, 21% used [0x00000000ef200000,0x00000000ef87b188,0x00000000f1000000)
  to   space 30208K, 0% used [0x00000000f2700000,0x00000000f2700000,0x00000000f4480000)
 ParOldGen       total 104960K, used 44037K [0x00000000a0000000, 0x00000000a6680000, 0x00000000e0000000)
  object space 104960K, 41% used [0x00000000a0000000,0x00000000a2b014d0,0x00000000a6680000)
 Metaspace       used 74517K, capacity 80064K, committed 82328K, reserved 1120256K
  class space    used 9368K, capacity 10045K, committed 10664K, reserved 1048576K
}
Event: 17788.344 GC heap before
{Heap before GC invocations=60 (full 4):
 PSYoungGen      total 278528K, used 254444K [0x00000000e0000000, 0x00000000f4480000, 0x0000000100000000)
  eden space 247808K, 100% used [0x00000000e0000000,0x00000000ef200000,0x00000000ef200000)
  from space 30720K, 21% used [0x00000000ef200000,0x00000000ef87b188,0x00000000f1000000)
  to   space 30208K, 0% used [0x00000000f2700000,0x00000000f2700000,0x00000000f4480000)
 ParOldGen       total 104960K, used 44037K [0x00000000a0000000, 0x00000000a6680000, 0x00000000e0000000)
  object space 104960K, 41% used [0x00000000a0000000,0x00000000a2b014d0,0x00000000a6680000)
 Metaspace       used 74651K, capacity 80200K, committed 82328K, reserved 1120256K
  class space    used 9379K, capacity 10059K, committed 10664K, reserved 1048576K
Event: 17788.403 GC heap after
Heap after GC invocations=60 (full 4):
 PSYoungGen      total 294912K, used 5769K [0x00000000e0000000, 0x00000000f4100000, 0x0000000100000000)
  eden space 268288K, 0% used [0x00000000e0000000,0x00000000e0000000,0x00000000f0600000)
  from space 26624K, 21% used [0x00000000f2700000,0x00000000f2ca2590,0x00000000f4100000)
  to   space 30208K, 0% used [0x00000000f0600000,0x00000000f0600000,0x00000000f2380000)
 ParOldGen       total 104960K, used 44045K [0x00000000a0000000, 0x00000000a6680000, 0x00000000e0000000)
  object space 104960K, 41% used [0x00000000a0000000,0x00000000a2b034d0,0x00000000a6680000)
 Metaspace       used 74651K, capacity 80200K, committed 82328K, reserved 1120256K
  class space    used 9379K, capacity 10059K, committed 10664K, reserved 1048576K
}
Event: 17790.704 GC heap before
{Heap before GC invocations=61 (full 4):
 PSYoungGen      total 294912K, used 273068K [0x00000000e0000000, 0x00000000f4100000, 0x0000000100000000)
  eden space 268288K, 99% used [0x00000000e0000000,0x00000000f0508c80,0x00000000f0600000)
  from space 26624K, 21% used [0x00000000f2700000,0x00000000f2ca2590,0x00000000f4100000)
  to   space 30208K, 0% used [0x00000000f0600000,0x00000000f0600000,0x00000000f2380000)
 ParOldGen       total 104960K, used 44045K [0x00000000a0000000, 0x00000000a6680000, 0x00000000e0000000)
  object space 104960K, 41% used [0x00000000a0000000,0x00000000a2b034d0,0x00000000a6680000)
 Metaspace       used 74677K, capacity 80212K, committed 82328K, reserved 1120256K
  class space    used 9380K, capacity 10061K, committed 10664K, reserved 1048576K
Event: 17790.735 GC heap after
Heap after GC invocations=61 (full 4):
 PSYoungGen      total 298496K, used 7138K [0x00000000e0000000, 0x00000000f5680000, 0x0000000100000000)
  eden space 268288K, 0% used [0x00000000e0000000,0x00000000e0000000,0x00000000f0600000)
  from space 30208K, 23% used [0x00000000f0600000,0x00000000f0cf8b18,0x00000000f2380000)
  to   space 29184K, 0% used [0x00000000f3a00000,0x00000000f3a00000,0x00000000f5680000)
 ParOldGen       total 104960K, used 44053K [0x00000000a0000000, 0x00000000a6680000, 0x00000000e0000000)
  object space 104960K, 41% used [0x00000000a0000000,0x00000000a2b054d0,0x00000000a6680000)
 Metaspace       used 74677K, capacity 80212K, committed 82328K, reserved 1120256K
  class space    used 9380K, capacity 10061K, committed 10664K, reserved 1048576K
}
Event: 17877.920 GC heap before
{Heap before GC invocations=62 (full 4):
 PSYoungGen      total 298496K, used 275426K [0x00000000e0000000, 0x00000000f5680000, 0x0000000100000000)
  eden space 268288K, 100% used [0x00000000e0000000,0x00000000f0600000,0x00000000f0600000)
  from space 30208K, 23% used [0x00000000f0600000,0x00000000f0cf8b18,0x00000000f2380000)
  to   space 29184K, 0% used [0x00000000f3a00000,0x00000000f3a00000,0x00000000f5680000)
 ParOldGen       total 104960K, used 44053K [0x00000000a0000000, 0x00000000a6680000, 0x00000000e0000000)
  object space 104960K, 41% used [0x00000000a0000000,0x00000000a2b054d0,0x00000000a6680000)
 Metaspace       used 74794K, capacity 80492K, committed 82584K, reserved 1122304K
  class space    used 9388K, capacity 10069K, committed 10664K, reserved 1048576K
Event: 17877.996 GC heap after
Heap after GC invocations=62 (full 4):
 PSYoungGen      total 313344K, used 15640K [0x00000000e0000000, 0x00000000f5200000, 0x0000000100000000)
  eden space 288768K, 0% used [0x00000000e0000000,0x00000000e0000000,0x00000000f1a00000)
  from space 24576K, 63% used [0x00000000f3a00000,0x00000000f4946298,0x00000000f5200000)
  to   space 28672K, 0% used [0x00000000f1a00000,0x00000000f1a00000,0x00000000f3600000)
 ParOldGen       total 104960K, used 44053K [0x00000000a0000000, 0x00000000a6680000, 0x00000000e0000000)
  object space 104960K, 41% used [0x00000000a0000000,0x00000000a2b054d0,0x00000000a6680000)
 Metaspace       used 74794K, capacity 80492K, committed 82584K, reserved 1122304K
  class space    used 9388K, capacity 10069K, committed 10664K, reserved 1048576K
}
Event: 18040.293 GC heap before
{Heap before GC invocations=63 (full 4):
 PSYoungGen      total 313344K, used 304408K [0x00000000e0000000, 0x00000000f5200000, 0x0000000100000000)
  eden space 288768K, 100% used [0x00000000e0000000,0x00000000f1a00000,0x00000000f1a00000)
  from space 24576K, 63% used [0x00000000f3a00000,0x00000000f4946298,0x00000000f5200000)
  to   space 28672K, 0% used [0x00000000f1a00000,0x00000000f1a00000,0x00000000f3600000)
 ParOldGen       total 104960K, used 44053K [0x00000000a0000000, 0x00000000a6680000, 0x00000000e0000000)
  object space 104960K, 41% used [0x00000000a0000000,0x00000000a2b054d0,0x00000000a6680000)
 Metaspace       used 74941K, capacity 80746K, committed 82584K, reserved 1122304K
  class space    used 9412K, capacity 10098K, committed 10664K, reserved 1048576K
Event: 18040.346 GC heap after
Heap after GC invocations=63 (full 4):
 PSYoungGen      total 317440K, used 7141K [0x00000000e0000000, 0x00000000f6300000, 0x0000000100000000)
  eden space 288768K, 0% used [0x00000000e0000000,0x00000000e0000000,0x00000000f1a00000)
  from space 28672K, 24% used [0x00000000f1a00000,0x00000000f20f9538,0x00000000f3600000)
  to   space 28160K, 0% used [0x00000000f4780000,0x00000000f4780000,0x00000000f6300000)
 ParOldGen       total 104960K, used 44061K [0x00000000a0000000, 0x00000000a6680000, 0x00000000e0000000)
  object space 104960K, 41% used [0x00000000a0000000,0x00000000a2b074d0,0x00000000a6680000)
 Metaspace       used 74941K, capacity 80746K, committed 82584K, reserved 1122304K
  class space    used 9412K, capacity 10098K, committed 10664K, reserved 1048576K
}

